SF:lib/main.dart
DA:16,1
DA:17,1
DA:18,1
DA:19,1
DA:20,1
DA:22,1
DA:23,2
DA:27,3
DA:30,1
DA:32,1
DA:33,1
DA:34,0
DA:35,0
DA:36,0
DA:49,1
DA:50,1
DA:53,2
DA:54,3
DA:55,1
DA:56,1
DA:57,1
DA:58,1
DA:60,1
DA:73,0
DA:79,0
DA:81,0
DA:83,0
DA:84,0
DA:85,0
DA:86,0
DA:87,0
DA:88,0
DA:90,0
DA:91,0
DA:92,0
DA:96,0
DA:98,0
DA:99,0
DA:100,0
DA:102,0
DA:103,0
DA:104,0
DA:116,1
DA:118,1
LF:44
LH:22
end_of_record
SF:lib/core/common_providers/sembast_db.g.dart
DA:9,1
DA:15,3
LF:2
LH:2
end_of_record
SF:lib/core/common_providers/sembast_db.dart
DA:7,1
DA:9,2
LF:2
LH:2
end_of_record
SF:lib/features/todo/presentation/screens/add_todo_screen.dart
DA:12,1
DA:14,0
DA:17,0
DA:20,0
DA:24,0
DA:26,0
DA:27,0
DA:28,0
DA:30,0
DA:32,0
DA:34,0
DA:35,0
DA:45,0
DA:46,0
DA:48,0
DA:53,0
DA:54,0
DA:55,0
DA:60,0
DA:63,0
DA:64,0
DA:65,0
DA:66,0
LF:23
LH:1
end_of_record
SF:lib/features/todo/presentation/screens/todo_home_screen.dart
DA:15,1
DA:16,0
DA:19,0
DA:22,0
DA:25,0
DA:27,0
DA:29,0
DA:30,0
DA:35,0
DA:36,0
DA:37,0
DA:38,0
DA:40,0
DA:42,0
DA:47,0
DA:48,0
DA:50,0
DA:54,0
DA:55,0
DA:56,0
DA:57,0
DA:58,0
DA:59,0
DA:60,0
DA:61,0
DA:64,0
DA:65,0
DA:66,0
DA:69,0
DA:71,0
DA:72,0
DA:74,0
DA:75,0
DA:76,0
DA:79,0
DA:81,0
DA:84,0
DA:85,0
DA:93,0
LF:39
LH:1
end_of_record
SF:lib/core/themes/theme.dart
DA:17,1
DA:24,0
DA:25,0
DA:29,0
DA:30,0
DA:34,0
DA:35,0
DA:39,0
DA:40,0
DA:44,0
DA:45,0
DA:60,0
DA:62,0
DA:64,0
DA:66,0
DA:73,3
DA:79,1
DA:80,1
DA:82,1
DA:83,1
DA:84,1
DA:90,3
DA:92,1
LF:23
LH:9
end_of_record
SF:lib/core/themes/theme.g.dart
DA:9,1
DA:19,2
DA:20,1
LF:3
LH:3
end_of_record
SF:lib/features/todo/models/todo.dart
DA:15,0
LF:1
LH:0
end_of_record
SF:lib/features/todo/models/todo.g.dart
DA:9,0
DA:10,0
DA:11,0
DA:12,0
DA:13,0
DA:16,0
DA:17,0
DA:18,0
DA:19,0
DA:20,0
DA:21,0
LF:11
LH:0
end_of_record
SF:lib/features/todo/repositories/sembast_todo_repository.g.dart
DA:9,0
DA:13,0
DA:15,0
DA:17,0
DA:19,0
DA:20,0
DA:23,0
DA:25,0
DA:27,0
DA:28,0
DA:108,1
DA:131,0
DA:134,0
DA:139,0
DA:143,0
DA:144,0
DA:150,0
DA:155,0
DA:159,0
DA:207,0
DA:209,0
DA:210,0
DA:223,0
DA:231,0
DA:235,0
DA:239,0
DA:240,0
DA:244,0
DA:246,0
DA:248,0
DA:249,0
DA:250,0
DA:255,0
DA:260,0
DA:263,0
DA:266,0
DA:268,0
DA:271,0
DA:273,0
DA:274,0
DA:276,0
DA:288,0
DA:290,0
DA:291,0
LF:44
LH:1
end_of_record
SF:lib/features/todo/repositories/sembast_todo_repository.dart
DA:35,0
DA:37,0
DA:39,0
DA:40,0
DA:41,0
DA:43,0
DA:44,0
DA:45,0
DA:46,0
DA:47,0
DA:49,0
DA:54,0
DA:56,0
DA:58,0
DA:61,0
DA:63,0
DA:66,0
DA:68,0
DA:72,0
DA:74,0
DA:76,0
DA:79,0
DA:82,0
DA:84,0
LF:24
LH:0
end_of_record
SF:lib/features/todo/presentation/widgets/bottom_sheet_modal.dart
DA:15,0
DA:17,0
DA:18,0
DA:22,0
DA:24,0
DA:25,0
DA:27,0
DA:29,0
DA:31,0
DA:32,0
DA:36,0
DA:37,0
DA:38,0
DA:40,0
DA:41,0
DA:42,0
DA:43,0
DA:44,0
DA:45,0
DA:47,0
DA:48,0
DA:49,0
LF:22
LH:0
end_of_record
SF:lib/features/todo/todo_status.sealed.dart
DA:10,0
DA:15,0
DA:20,0
LF:3
LH:0
end_of_record
